<?xml version="1.0" encoding="UTF-8"?>
<!-- Generated by org.testng.reporters.JUnitXMLReporter -->
<testsuite ignored="0" hostname="Mandiras-MacBook-Air.local" failures="1" tests="3" name="Error validation order" time="31.633" errors="0" timestamp="2024-03-05T17:05:15 IST">
  <testcase classname="com.rahulShettyAcademy.ErrorValidations" name="ProductErrorValidation" time="25.077"/>
  <testcase classname="com.rahulShettyAcademy.ErrorValidations" name="submitOrderError" time="0.324">
    <skipped/>
  </testcase> <!-- submitOrderError -->
  <testcase classname="com.rahulShettyAcademy.ErrorValidations" name="submitOrderError" time="0.316">
    <failure type="java.lang.AssertionError" message="expected [Incorrect email or password.] but found [Incorrect email password.]">
      <![CDATA[java.lang.AssertionError: expected [Incorrect email or password.] but found [Incorrect email password.]
at com.rahulShettyAcademy.ErrorValidations.submitOrderError(ErrorValidations.java:27)
at java.base/java.util.ArrayList.forEach(ArrayList.java:1511)
... Removed 37 stack frames]]>
    </failure>
  </testcase> <!-- submitOrderError -->
</testsuite> <!-- Error validation order -->
