<?xml version="1.0" encoding="UTF-8"?>
<!-- Generated by org.testng.reporters.JUnitXMLReporter -->
<testsuite ignored="0" hostname="Mandiras-MacBook-Air.local" failures="0" tests="3" name="Submit order" time="35.56" errors="0" timestamp="2024-03-05T17:04:43 IST">
  <testcase classname="com.rahulShettyAcademy.SubmitOrderTest" name="submitOrder" time="25.705"/>
  <testcase classname="com.rahulShettyAcademy.SubmitOrderTest" name="submitOrder" time="3.321"/>
  <testcase classname="com.rahulShettyAcademy.SubmitOrderTest" name="orderHistoryTest" time="0.405"/>
</testsuite> <!-- Submit order -->
