<?xml version="1.0" encoding="UTF-8"?>
<testng-results ignored="0" total="0" passed="0" failed="0" skipped="0">
  <reporter-output>
  </reporter-output>
  <suite started-at="2024-03-01T11:49:55 IST" name="Suite" finished-at="2024-03-01T11:49:55 IST" duration-ms="0">
    <groups>
      <group name="Purchase">
        <method signature="SubmitOrderTest.submitOrder(java.util.HashMap)[pri:0, instance:com.rahulShettyAcademy.SubmitOrderTest@63f259c3]" name="submitOrder" class="com.rahulShettyAcademy.SubmitOrderTest"/>
      </group> <!-- Purchase -->
    </groups>
  </suite> <!-- Suite -->
</testng-results>
